Unity Editor version:    2022.3.5f1 (9674261d40ee)
Branch:                  2022.3/release
Build type:              Release
Batch mode:              YES
macOS version:           Version 11.1 (Build 20C69)
Darwin version:          20.2.0
Architecture:            x86_64
Running under Rosetta:   NO
Available memory:        8192 MB
Using pre-set license
Pro License: YES

COMMAND LINE ARGUMENTS:
/Applications/Unity/Hub/Editor/2022.3.5f1/Unity.app/Contents/MacOS/Unity
-adb2
-batchMode
-noUpm
-name
AssetImportWorker0
-projectPath
/Users/katieli/Documents/GitHub/Shattered/Final Project Prototype
-logFile
Logs/AssetImportWorker0.log
-srvPort
64212
Successfully changed project path to: /Users/katieli/Documents/GitHub/Shattered/Final Project Prototype
/Users/katieli/Documents/GitHub/Shattered/Final Project Prototype
[UnityMemory] Configuration Parameters - Can be set up in boot.config
    "memorysetup-bucket-allocator-granularity=16"
    "memorysetup-bucket-allocator-bucket-count=8"
    "memorysetup-bucket-allocator-block-size=33554432"
    "memorysetup-bucket-allocator-block-count=8"
    "memorysetup-main-allocator-block-size=16777216"
    "memorysetup-thread-allocator-block-size=16777216"
    "memorysetup-gfx-main-allocator-block-size=16777216"
    "memorysetup-gfx-thread-allocator-block-size=16777216"
    "memorysetup-cache-allocator-block-size=4194304"
    "memorysetup-typetree-allocator-block-size=2097152"
    "memorysetup-profiler-bucket-allocator-granularity=16"
    "memorysetup-profiler-bucket-allocator-bucket-count=8"
    "memorysetup-profiler-bucket-allocator-block-size=33554432"
    "memorysetup-profiler-bucket-allocator-block-count=8"
    "memorysetup-profiler-allocator-block-size=16777216"
    "memorysetup-profiler-editor-allocator-block-size=1048576"
    "memorysetup-temp-allocator-size-main=16777216"
    "memorysetup-job-temp-allocator-block-size=2097152"
    "memorysetup-job-temp-allocator-block-size-background=1048576"
    "memorysetup-job-temp-allocator-reduction-small-platforms=262144"
    "memorysetup-allocator-temp-initial-block-size-main=262144"
    "memorysetup-allocator-temp-initial-block-size-worker=262144"
    "memorysetup-temp-allocator-size-background-worker=32768"
    "memorysetup-temp-allocator-size-job-worker=262144"
    "memorysetup-temp-allocator-size-preload-manager=33554432"
    "memorysetup-temp-allocator-size-nav-mesh-worker=65536"
    "memorysetup-temp-allocator-size-audio-worker=65536"
    "memorysetup-temp-allocator-size-cloud-worker=32768"
    "memorysetup-temp-allocator-size-gi-baking-worker=262144"
    "memorysetup-temp-allocator-size-gfx=262144"
Player connection [4675522048] Host "[IP] 169.233.174.202 [Port] 0 [Flags] 2 [Guid] 1447061480 [EditorId] 1447061480 [Version] 1048832 [Id] OSXEditor(0,eduroam-169-233-174-202.ucsc.edu) [Debug] 1 [PackageName] OSXEditor [ProjectName] Editor" joined multi-casting on [225.0.0.222:54997]...

Player connection [4675522048] Host "[IP] 169.233.174.202 [Port] 0 [Flags] 2 [Guid] 1447061480 [EditorId] 1447061480 [Version] 1048832 [Id] OSXEditor(0,eduroam-169-233-174-202.ucsc.edu) [Debug] 1 [PackageName] OSXEditor [ProjectName] Editor" joined alternative multi-casting on [225.0.0.222:34997]...

Refreshing native plugins compatible for Editor in 57.81 ms, found 2 plugins.
Preloading 0 native plugins for Editor in 0.00 ms.
Initialize engine version: 2022.3.5f1 (9674261d40ee)
[Subsystems] Discovering subsystems at path /Applications/Unity/Hub/Editor/2022.3.5f1/Unity.app/Contents/Resources/UnitySubsystems
[Subsystems] Discovering subsystems at path /Users/katieli/Documents/GitHub/Shattered/Final Project Prototype/Assets
GfxDevice: creating device client; threaded=0; jobified=0
Color LCD preferred device: Intel(R) Iris(TM) Plus Graphics (low power)
Metal devices available: 1
0: Intel(R) Iris(TM) Plus Graphics (low power)
Using device Intel(R) Iris(TM) Plus Graphics (low power)
Initializing Metal device caps: Intel(R) Iris(TM) Plus Graphics
Initialize mono
Mono path[0] = '/Applications/Unity/Hub/Editor/2022.3.5f1/Unity.app/Contents/Managed'
Mono path[1] = '/Applications/Unity/Hub/Editor/2022.3.5f1/Unity.app/Contents/MonoBleedingEdge/lib/mono/unityjit-macos'
Mono config path = '/Applications/Unity/Hub/Editor/2022.3.5f1/Unity.app/Contents/MonoBleedingEdge/etc'
Using monoOptions --debugger-agent=transport=dt_socket,embedding=1,server=y,suspend=n,address=127.0.0.1:56930
Begin MonoManager ReloadAssembly
Registering precompiled unity dll's ...
Register platform support module: /Applications/Unity/Hub/Editor/2022.3.5f1/Unity.app/Contents/PlaybackEngines/MacStandaloneSupport/UnityEditor.OSXStandalone.Extensions.dll
Registered in 0.026834 seconds.
- Loaded All Assemblies, in  3.698 seconds
Native extension for OSXStandalone target not found
Mono: successfully reloaded assembly
- Finished resetting the current domain, in  2.794 seconds
Domain Reload Profiling: 6496ms
	BeginReloadAssembly (1217ms)
		ExecutionOrderSort (0ms)
		DisableScriptedObjects (0ms)
		BackupInstance (0ms)
		ReleaseScriptingObjects (0ms)
		CreateAndSetChildDomain (3ms)
	RebuildCommonClasses (369ms)
	RebuildNativeTypeToScriptingClass (212ms)
	initialDomainReloadingComplete (359ms)
	LoadAllAssembliesAndSetupDomain (1539ms)
		LoadAssemblies (1220ms)
		RebuildTransferFunctionScriptingTraits (0ms)
		AnalyzeDomain (1511ms)
			TypeCache.Refresh (1505ms)
				TypeCache.ScanAssembly (1388ms)
			ScanForSourceGeneratedMonoScriptInfo (2ms)
			ResolveRequiredComponents (4ms)
	FinalizeReload (2800ms)
		ReleaseScriptCaches (0ms)
		RebuildScriptCaches (0ms)
		SetupLoadedEditorAssemblies (2328ms)
			LogAssemblyErrors (0ms)
			InitializePlatformSupportModulesInManaged (37ms)
			SetLoadedEditorAssemblies (62ms)
			RefreshPlugins (0ms)
			BeforeProcessingInitializeOnLoad (12ms)
			ProcessInitializeOnLoadAttributes (1819ms)
			ProcessInitializeOnLoadMethodAttributes (398ms)
			AfterProcessingInitializeOnLoad (0ms)
			EditorAssembliesLoaded (0ms)
		ExecutionOrderSort2 (0ms)
		AwakeInstancesAfterBackupRestoration (0ms)
========================================================================
Worker process is ready to serve import requests
Begin MonoManager ReloadAssembly
Symbol file LoadedFromMemory doesn't match image /Users/katieli/Documents/GitHub/Shattered/Final Project Prototype/Library/PackageCache/com.unity.visualscripting@1.8.0/Editor/VisualScripting.Core/Dependencies/YamlDotNet/Unity.VisualScripting.YamlDotNet.dll
Symbol file LoadedFromMemory doesn't match image /Users/katieli/Documents/GitHub/Shattered/Final Project Prototype/Library/PackageCache/com.unity.visualscripting@1.8.0/Editor/VisualScripting.Core/Dependencies/DotNetZip/Unity.VisualScripting.IonicZip.dll
- Loaded All Assemblies, in  6.711 seconds
Refreshing native plugins compatible for Editor in 6.49 ms, found 2 plugins.
Native extension for OSXStandalone target not found
Mono: successfully reloaded assembly
- Finished resetting the current domain, in  4.334 seconds
Domain Reload Profiling: 11044ms
	BeginReloadAssembly (953ms)
		ExecutionOrderSort (0ms)
		DisableScriptedObjects (94ms)
		BackupInstance (0ms)
		ReleaseScriptingObjects (0ms)
		CreateAndSetChildDomain (196ms)
	RebuildCommonClasses (242ms)
	RebuildNativeTypeToScriptingClass (35ms)
	initialDomainReloadingComplete (249ms)
	LoadAllAssembliesAndSetupDomain (5229ms)
		LoadAssemblies (1940ms)
		RebuildTransferFunctionScriptingTraits (0ms)
		AnalyzeDomain (3633ms)
			TypeCache.Refresh (3529ms)
				TypeCache.ScanAssembly (3430ms)
			ScanForSourceGeneratedMonoScriptInfo (89ms)
			ResolveRequiredComponents (15ms)
	FinalizeReload (4335ms)
		ReleaseScriptCaches (0ms)
		RebuildScriptCaches (0ms)
		SetupLoadedEditorAssemblies (2920ms)
			LogAssemblyErrors (0ms)
			InitializePlatformSupportModulesInManaged (32ms)
			SetLoadedEditorAssemblies (67ms)
			RefreshPlugins (0ms)
			BeforeProcessingInitializeOnLoad (551ms)
			ProcessInitializeOnLoadAttributes (2194ms)
			ProcessInitializeOnLoadMethodAttributes (70ms)
			AfterProcessingInitializeOnLoad (5ms)
			EditorAssembliesLoaded (1ms)
		ExecutionOrderSort2 (0ms)
		AwakeInstancesAfterBackupRestoration (26ms)
Launching external process: /Applications/Unity/Hub/Editor/2022.3.5f1/Unity.app/Contents/Tools/UnityShaderCompiler
Launched and connected shader compiler UnityShaderCompiler after 0.08 seconds
Refreshing native plugins compatible for Editor in 5.72 ms, found 2 plugins.
Preloading 0 native plugins for Editor in 0.00 ms.
Unloading 3469 Unused Serialized files (Serialized files now loaded: 0)
Unloading 37 unused Assets / (115.9 KB). Loaded Objects now: 3972.
Memory consumption went from 354.2 MB to 354.1 MB.
Total: 6.619626 ms (FindLiveObjects: 0.454700 ms CreateObjectMapping: 0.363897 ms MarkObjects: 5.495761 ms  DeleteObjects: 0.302703 ms)

AssetImportParameters requested are different than current active one (requested -> active):
  custom:container-demuxer-ogg: 62fdf1f143b41e24485cea50d1cbac27 -> 
  custom:video-decoder-ogg-theora: a1e56fd34408186e4bbccfd4996cb3dc -> 
  custom:CustomObjectIndexerAttribute: 756ad292c208cfabdd7b50bc23989ffe -> 
  custom:container-demuxer-webm: 4f35f7cbe854078d1ac9338744f61a02 -> 
  custom:container-muxer-webm: aa71ff27fc2769a1b78a27578f13a17b -> 
  custom:video-decoder-webm-vp8: 9c59270c3fd7afecdb556c50c9e8de78 -> 
  custom:AudioImporter_EditorPlatform: 3918e3fc78b5a79bad01e8451be0beb8 -> 
  custom:framework-osx-AVFoundation: e770b220cccbd017edd2c1fefb359320 -> 
  custom:video-encoder-webm-vp8: eb34c28f22e8b96e1ab97ce403110664 -> 
  custom:audio-decoder-ogg-vorbis: bf7c407c2cedff20999df2af8eb42d56 -> 
  custom:audio-encoder-webm-vorbis: bf7c407c2cedff20999df2af8eb42d56 -> 
========================================================================
Received Import Request.
  Time since last request: 78694.297153 seconds.
  path: Assets/2D Images/graduation.png
  artifactKey: Guid(a11e134328b6444c698c5a56d590e823) Importer(815301076,1909f56bfc062723c751e8b465ee728b)
Start importing Assets/2D Images/graduation.png using Guid(a11e134328b6444c698c5a56d590e823) Importer(815301076,1909f56bfc062723c751e8b465ee728b)  -> (artifact id: '42994ba270041dfa05eac25d389786e9') in 0.336023 seconds
Number of updated asset objects reloaded before import = 0
Number of asset objects unloaded after import = 2
========================================================================
Received Import Request.
  Time since last request: 13.834618 seconds.
  path: Assets/2D Images/graduation material.mat
  artifactKey: Guid(1f2d6a69a5e174949949a605667b4d62) Importer(815301076,1909f56bfc062723c751e8b465ee728b)
Start importing Assets/2D Images/graduation material.mat using Guid(1f2d6a69a5e174949949a605667b4d62) Importer(815301076,1909f56bfc062723c751e8b465ee728b)  -> (artifact id: '5e9dc1f1b269a87468fd3ff8a180b297') in 0.615188 seconds
Number of updated asset objects reloaded before import = 0
Number of asset objects unloaded after import = 1
========================================================================
Received Import Request.
  Time since last request: 3.320905 seconds.
  path: Assets/Grandfather clock/textures/vintage_grandfather_clock_01_diff_4k.jpg
  artifactKey: Guid(ae6d5d55399604585a9f8e6bbeabe7c6) Importer(815301076,1909f56bfc062723c751e8b465ee728b)
Start importing Assets/Grandfather clock/textures/vintage_grandfather_clock_01_diff_4k.jpg using Guid(ae6d5d55399604585a9f8e6bbeabe7c6) Importer(815301076,1909f56bfc062723c751e8b465ee728b)  -> (artifact id: 'cf59e8ae0567d17586fe15b321e9bd8a') in 0.057170 seconds
Number of updated asset objects reloaded before import = 0
Number of asset objects unloaded after import = 2
========================================================================
Received Import Request.
  Time since last request: 0.011166 seconds.
  path: Assets/Grandfather clock/textures/vintage_grandfather_clock_01_rough_4k.exr
  artifactKey: Guid(46b6447e30e6c40279f4c5a791373853) Importer(815301076,1909f56bfc062723c751e8b465ee728b)
Start importing Assets/Grandfather clock/textures/vintage_grandfather_clock_01_rough_4k.exr using Guid(46b6447e30e6c40279f4c5a791373853) Importer(815301076,1909f56bfc062723c751e8b465ee728b)  -> (artifact id: '5513e5762864464e518239cd76261515') in 0.048877 seconds
Number of updated asset objects reloaded before import = 0
Number of asset objects unloaded after import = 2
========================================================================
Received Import Request.
  Time since last request: 48.602747 seconds.
  path: Assets/2D Images/graduation material.mat
  artifactKey: Guid(1f2d6a69a5e174949949a605667b4d62) Importer(815301076,1909f56bfc062723c751e8b465ee728b)
Start importing Assets/2D Images/graduation material.mat using Guid(1f2d6a69a5e174949949a605667b4d62) Importer(815301076,1909f56bfc062723c751e8b465ee728b)  -> (artifact id: 'b8f33908a91df6ebde030e45f31e18e2') in 0.115959 seconds
Number of updated asset objects reloaded before import = 0
Number of asset objects unloaded after import = 2
========================================================================
Received Import Request.
  Time since last request: 67.676153 seconds.
  path: Assets/2D Images/graduation.png
  artifactKey: Guid(a11e134328b6444c698c5a56d590e823) Importer(815301076,1909f56bfc062723c751e8b465ee728b)
Start importing Assets/2D Images/graduation.png using Guid(a11e134328b6444c698c5a56d590e823) Importer(815301076,1909f56bfc062723c751e8b465ee728b)  -> (artifact id: '70d2f095fe11b66104345b8e38bcf8d0') in 0.166980 seconds
Number of updated asset objects reloaded before import = 0
Number of asset objects unloaded after import = 3
========================================================================
Received Import Request.
  Time since last request: 69.204939 seconds.
  path: Assets/2D Images/graduation material.mat
  artifactKey: Guid(1f2d6a69a5e174949949a605667b4d62) Importer(815301076,1909f56bfc062723c751e8b465ee728b)
Start importing Assets/2D Images/graduation material.mat using Guid(1f2d6a69a5e174949949a605667b4d62) Importer(815301076,1909f56bfc062723c751e8b465ee728b)  -> (artifact id: 'e108d00501d4acf090ab0d7f920dcdea') in 0.042757 seconds
Number of updated asset objects reloaded before import = 0
Number of asset objects unloaded after import = 2
========================================================================
Received Import Request.
  Time since last request: 16.584699 seconds.
  path: Assets/2D Images/kids texture.mat
  artifactKey: Guid(46e495bfc05064f8186f19d490b44696) Importer(815301076,1909f56bfc062723c751e8b465ee728b)
Start importing Assets/2D Images/kids texture.mat using Guid(46e495bfc05064f8186f19d490b44696) Importer(815301076,1909f56bfc062723c751e8b465ee728b)  -> (artifact id: 'e48eee4e64ffbe74ae9d55c0f1784218') in 0.028297 seconds
Number of updated asset objects reloaded before import = 0
Number of asset objects unloaded after import = 2
========================================================================
Received Import Request.
  Time since last request: 61.849643 seconds.
  path: Assets/2D Images/graduation material.mat
  artifactKey: Guid(1f2d6a69a5e174949949a605667b4d62) Importer(815301076,1909f56bfc062723c751e8b465ee728b)
Start importing Assets/2D Images/graduation material.mat using Guid(1f2d6a69a5e174949949a605667b4d62) Importer(815301076,1909f56bfc062723c751e8b465ee728b)  -> (artifact id: '536dc13b042b9cf86df8af64085e34a7') in 0.084925 seconds
Number of updated asset objects reloaded before import = 0
Number of asset objects unloaded after import = 2
========================================================================
Received Prepare
Begin MonoManager ReloadAssembly
Symbol file LoadedFromMemory doesn't match image /Users/katieli/Documents/GitHub/Shattered/Final Project Prototype/Library/PackageCache/com.unity.visualscripting@1.8.0/Editor/VisualScripting.Core/Dependencies/YamlDotNet/Unity.VisualScripting.YamlDotNet.dll
Symbol file LoadedFromMemory doesn't match image /Users/katieli/Documents/GitHub/Shattered/Final Project Prototype/Library/PackageCache/com.unity.visualscripting@1.8.0/Editor/VisualScripting.Core/Dependencies/DotNetZip/Unity.VisualScripting.IonicZip.dll
- Loaded All Assemblies, in  5.403 seconds
Refreshing native plugins compatible for Editor in 16.72 ms, found 2 plugins.
Native extension for OSXStandalone target not found
Mono: successfully reloaded assembly
- Finished resetting the current domain, in  9.935 seconds
Domain Reload Profiling: 15340ms
	BeginReloadAssembly (1167ms)
		ExecutionOrderSort (0ms)
		DisableScriptedObjects (26ms)
		BackupInstance (0ms)
		ReleaseScriptingObjects (0ms)
		CreateAndSetChildDomain (479ms)
	RebuildCommonClasses (246ms)
	RebuildNativeTypeToScriptingClass (45ms)
	initialDomainReloadingComplete (191ms)
	LoadAllAssembliesAndSetupDomain (3755ms)
		LoadAssemblies (1514ms)
		RebuildTransferFunctionScriptingTraits (0ms)
		AnalyzeDomain (2685ms)
			TypeCache.Refresh (2658ms)
				TypeCache.ScanAssembly (2583ms)
			ScanForSourceGeneratedMonoScriptInfo (0ms)
			ResolveRequiredComponents (26ms)
	FinalizeReload (9937ms)
		ReleaseScriptCaches (0ms)
		RebuildScriptCaches (0ms)
		SetupLoadedEditorAssemblies (4478ms)
			LogAssemblyErrors (0ms)
			InitializePlatformSupportModulesInManaged (103ms)
			SetLoadedEditorAssemblies (292ms)
			RefreshPlugins (0ms)
			BeforeProcessingInitializeOnLoad (1106ms)
			ProcessInitializeOnLoadAttributes (2770ms)
			ProcessInitializeOnLoadMethodAttributes (194ms)
			AfterProcessingInitializeOnLoad (10ms)
			EditorAssembliesLoaded (1ms)
		ExecutionOrderSort2 (0ms)
		AwakeInstancesAfterBackupRestoration (76ms)
Refreshing native plugins compatible for Editor in 34.55 ms, found 2 plugins.
Preloading 0 native plugins for Editor in 0.00 ms.
Unloading 3431 Unused Serialized files (Serialized files now loaded: 0)
Unloading 26 unused Assets / (124.6 KB). Loaded Objects now: 4020.
Memory consumption went from 352.3 MB to 352.1 MB.
Total: 12.655639 ms (FindLiveObjects: 0.682835 ms CreateObjectMapping: 0.617327 ms MarkObjects: 11.014088 ms  DeleteObjects: 0.336899 ms)

Prepare: number of updated asset objects reloaded= 0
AssetImportParameters requested are different than current active one (requested -> active):
  custom:container-demuxer-ogg: 62fdf1f143b41e24485cea50d1cbac27 -> 
  custom:video-decoder-ogg-theora: a1e56fd34408186e4bbccfd4996cb3dc -> 
  custom:CustomObjectIndexerAttribute: 756ad292c208cfabdd7b50bc23989ffe -> 
  custom:container-demuxer-webm: 4f35f7cbe854078d1ac9338744f61a02 -> 
  custom:container-muxer-webm: aa71ff27fc2769a1b78a27578f13a17b -> 
  custom:video-decoder-webm-vp8: 9c59270c3fd7afecdb556c50c9e8de78 -> 
  custom:AudioImporter_EditorPlatform: 3918e3fc78b5a79bad01e8451be0beb8 -> 
  custom:framework-osx-AVFoundation: e770b220cccbd017edd2c1fefb359320 -> 
  custom:video-encoder-webm-vp8: eb34c28f22e8b96e1ab97ce403110664 -> 
  custom:audio-decoder-ogg-vorbis: bf7c407c2cedff20999df2af8eb42d56 -> 
  custom:audio-encoder-webm-vorbis: bf7c407c2cedff20999df2af8eb42d56 -> 
========================================================================
Received Prepare
Begin MonoManager ReloadAssembly
Symbol file LoadedFromMemory doesn't match image /Users/katieli/Documents/GitHub/Shattered/Final Project Prototype/Library/PackageCache/com.unity.visualscripting@1.8.0/Editor/VisualScripting.Core/Dependencies/YamlDotNet/Unity.VisualScripting.YamlDotNet.dll
Symbol file LoadedFromMemory doesn't match image /Users/katieli/Documents/GitHub/Shattered/Final Project Prototype/Library/PackageCache/com.unity.visualscripting@1.8.0/Editor/VisualScripting.Core/Dependencies/DotNetZip/Unity.VisualScripting.IonicZip.dll
- Loaded All Assemblies, in  3.613 seconds
Refreshing native plugins compatible for Editor in 3.65 ms, found 2 plugins.
Native extension for OSXStandalone target not found
Mono: successfully reloaded assembly
- Finished resetting the current domain, in  9.866 seconds
Domain Reload Profiling: 13496ms
	BeginReloadAssembly (581ms)
		ExecutionOrderSort (0ms)
		DisableScriptedObjects (30ms)
		BackupInstance (0ms)
		ReleaseScriptingObjects (0ms)
		CreateAndSetChildDomain (185ms)
	RebuildCommonClasses (197ms)
	RebuildNativeTypeToScriptingClass (51ms)
	initialDomainReloadingComplete (135ms)
	LoadAllAssembliesAndSetupDomain (2648ms)
		LoadAssemblies (1142ms)
		RebuildTransferFunctionScriptingTraits (0ms)
		AnalyzeDomain (1681ms)
			TypeCache.Refresh (1656ms)
				TypeCache.ScanAssembly (1624ms)
			ScanForSourceGeneratedMonoScriptInfo (0ms)
			ResolveRequiredComponents (25ms)
	FinalizeReload (9884ms)
		ReleaseScriptCaches (0ms)
		RebuildScriptCaches (0ms)
		SetupLoadedEditorAssemblies (4472ms)
			LogAssemblyErrors (0ms)
			InitializePlatformSupportModulesInManaged (54ms)
			SetLoadedEditorAssemblies (51ms)
			RefreshPlugins (0ms)
			BeforeProcessingInitializeOnLoad (499ms)
			ProcessInitializeOnLoadAttributes (3597ms)
			ProcessInitializeOnLoadMethodAttributes (259ms)
			AfterProcessingInitializeOnLoad (11ms)
			EditorAssembliesLoaded (0ms)
		ExecutionOrderSort2 (0ms)
		AwakeInstancesAfterBackupRestoration (38ms)
Refreshing native plugins compatible for Editor in 18.39 ms, found 2 plugins.
Preloading 0 native plugins for Editor in 0.00 ms.
Unloading 3432 Unused Serialized files (Serialized files now loaded: 0)
Unloading 26 unused Assets / (100.6 KB). Loaded Objects now: 4023.
Memory consumption went from 352.7 MB to 352.6 MB.
Total: 27.028376 ms (FindLiveObjects: 3.511264 ms CreateObjectMapping: 0.421841 ms MarkObjects: 18.209444 ms  DeleteObjects: 4.882891 ms)

Prepare: number of updated asset objects reloaded= 0
AssetImportParameters requested are different than current active one (requested -> active):
  custom:container-demuxer-ogg: 62fdf1f143b41e24485cea50d1cbac27 -> 
  custom:video-decoder-ogg-theora: a1e56fd34408186e4bbccfd4996cb3dc -> 
  custom:CustomObjectIndexerAttribute: 756ad292c208cfabdd7b50bc23989ffe -> 
  custom:container-demuxer-webm: 4f35f7cbe854078d1ac9338744f61a02 -> 
  custom:container-muxer-webm: aa71ff27fc2769a1b78a27578f13a17b -> 
  custom:video-decoder-webm-vp8: 9c59270c3fd7afecdb556c50c9e8de78 -> 
  custom:AudioImporter_EditorPlatform: 3918e3fc78b5a79bad01e8451be0beb8 -> 
  custom:framework-osx-AVFoundation: e770b220cccbd017edd2c1fefb359320 -> 
  custom:video-encoder-webm-vp8: eb34c28f22e8b96e1ab97ce403110664 -> 
  custom:audio-decoder-ogg-vorbis: bf7c407c2cedff20999df2af8eb42d56 -> 
  custom:audio-encoder-webm-vorbis: bf7c407c2cedff20999df2af8eb42d56 -> 
